[debug] [2022-11-05T03:57:49.194Z] ----------------------------------------------------------------------
[debug] [2022-11-05T03:57:49.199Z] Command:       C:\Program Files\nodejs\node.exe C:\Users\phkhng\AppData\Roaming\npm\node_modules\firebase-tools\lib\bin\firebase.js init
[debug] [2022-11-05T03:57:49.199Z] CLI Version:   11.16.0
[debug] [2022-11-05T03:57:49.200Z] Platform:      win32
[debug] [2022-11-05T03:57:49.200Z] Node Version:  v19.0.0
[debug] [2022-11-05T03:57:49.200Z] Time:          Sat Nov 05 2022 10:57:49 GMT+0700 (Indochina Time)
[debug] [2022-11-05T03:57:49.200Z] ----------------------------------------------------------------------
[debug] 
[debug] [2022-11-05T03:57:49.213Z] > command requires scopes: ["email","openid","https://www.googleapis.com/auth/cloudplatformprojects.readonly","https://www.googleapis.com/auth/firebase","https://www.googleapis.com/auth/cloud-platform"]
[debug] [2022-11-05T03:57:49.214Z] > authorizing via signed-in user (trannguyenphuckhang12@gmail.com)
[info] 
     ######## #### ########  ######## ########     ###     ######  ########
     ##        ##  ##     ## ##       ##     ##  ##   ##  ##       ##
     ######    ##  ########  ######   ########  #########  ######  ######
     ##        ##  ##    ##  ##       ##     ## ##     ##       ## ##
     ##       #### ##     ## ######## ########  ##     ##  ######  ########

You're about to initialize a Firebase project in this directory:

  C:\Users\phkhng\Documents\Web\Khangs Lab

[info] 
=== Project Setup
[info] 
[info] First, let's associate this project directory with a Firebase project.
[info] You can create multiple project aliases by running firebase use --add, 
[info] but for now we'll just set up a default project.
[info] 
[debug] [2022-11-05T03:58:37.494Z] > refreshing access token with scopes: []
[debug] [2022-11-05T03:58:37.496Z] >>> [apiv2][query] POST https://www.googleapis.com/oauth2/v3/token [none]
[debug] [2022-11-05T03:58:37.496Z] >>> [apiv2][body] POST https://www.googleapis.com/oauth2/v3/token [omitted]
[debug] [2022-11-05T03:58:37.775Z] <<< [apiv2][status] POST https://www.googleapis.com/oauth2/v3/token 200
[debug] [2022-11-05T03:58:37.775Z] <<< [apiv2][body] POST https://www.googleapis.com/oauth2/v3/token [omitted]
[debug] [2022-11-05T03:58:37.826Z] >>> [apiv2][query] GET https://firebase.googleapis.com/v1beta1/projects pageSize=100
[debug] [2022-11-05T03:58:38.526Z] <<< [apiv2][status] GET https://firebase.googleapis.com/v1beta1/projects 200
[debug] [2022-11-05T03:58:38.526Z] <<< [apiv2][body] GET https://firebase.googleapis.com/v1beta1/projects [omitted]
[debug] [2022-11-05T03:58:51.046Z] ----------------------------------------------------------------------
[debug] [2022-11-05T03:58:51.050Z] Command:       C:\Program Files\nodejs\node.exe C:\Users\phkhng\AppData\Roaming\npm\node_modules\firebase-tools\lib\bin\firebase.js init
[debug] [2022-11-05T03:58:51.050Z] CLI Version:   11.16.0
[debug] [2022-11-05T03:58:51.051Z] Platform:      win32
[debug] [2022-11-05T03:58:51.051Z] Node Version:  v19.0.0
[debug] [2022-11-05T03:58:51.051Z] Time:          Sat Nov 05 2022 10:58:51 GMT+0700 (Indochina Time)
[debug] [2022-11-05T03:58:51.051Z] ----------------------------------------------------------------------
[debug] 
[debug] [2022-11-05T03:58:51.061Z] > command requires scopes: ["email","openid","https://www.googleapis.com/auth/cloudplatformprojects.readonly","https://www.googleapis.com/auth/firebase","https://www.googleapis.com/auth/cloud-platform"]
[debug] [2022-11-05T03:58:51.062Z] > authorizing via signed-in user (trannguyenphuckhang12@gmail.com)
[info] 
     ######## #### ########  ######## ########     ###     ######  ########
     ##        ##  ##     ## ##       ##     ##  ##   ##  ##       ##
     ######    ##  ########  ######   ########  #########  ######  ######
     ##        ##  ##    ##  ##       ##     ## ##     ##       ## ##
     ##       #### ##     ## ######## ########  ##     ##  ######  ########

You're about to initialize a Firebase project in this directory:

  C:\Users\phkhng\Documents\Web\Khangs Lab

[info] 
=== Project Setup
[info] 
[info] First, let's associate this project directory with a Firebase project.
[info] You can create multiple project aliases by running firebase use --add, 
[info] but for now we'll just set up a default project.
[info] 
[info] i  If you want to create a project in a Google Cloud organization or folder, please use "firebase projects:create" instead, and return to this command when you've created the project. 
[debug] [2022-11-05T03:59:43.398Z] >>> [apiv2][query] POST https://cloudresourcemanager.googleapis.com/v1/projects [none]
[debug] [2022-11-05T03:59:43.399Z] >>> [apiv2][body] POST https://cloudresourcemanager.googleapis.com/v1/projects {"projectId":"porf","name":"porf"}
[debug] [2022-11-05T03:59:44.635Z] <<< [apiv2][status] POST https://cloudresourcemanager.googleapis.com/v1/projects 400
[debug] [2022-11-05T03:59:44.636Z] <<< [apiv2][body] POST https://cloudresourcemanager.googleapis.com/v1/projects {"error":{"code":400,"message":"field [project_id] has issue [project_id must be at least 6 characters long]","status":"INVALID_ARGUMENT","details":[{"@type":"type.googleapis.com/google.rpc.BadRequest","fieldViolations":[{"field":"project_id","description":"project_id must be at least 6 characters long"}]},{"@type":"type.googleapis.com/google.rpc.Help","links":[{"url":"https://cloud.google.com/resource-manager/reference/rest/v1/projects"}]}]}}
[debug] [2022-11-05T03:59:44.639Z] FirebaseError: HTTP Error: 400, field [project_id] has issue [project_id must be at least 6 characters long]
    at responseToError (C:\Users\phkhng\AppData\Roaming\npm\node_modules\firebase-tools\lib\responseToError.js:49:12)
    at RetryOperation._fn (C:\Users\phkhng\AppData\Roaming\npm\node_modules\firebase-tools\lib\apiv2.js:288:77)
    at process.processTicksAndRejections (node:internal/process/task_queues:95:5)
[error] 
[error] Error: Failed to create project. See firebase-debug.log for more info.
